  compilation object save succeeded; see C:\Users\aiden\Documents\GitHub\Math-TechAss\2DPolygon_pp.cso
  compilation object save succeeded; see C:\Users\aiden\Documents\GitHub\Math-TechAss\Burn_pp.cso
  compilation object save succeeded; see C:\Users\aiden\Documents\GitHub\Math-TechAss\Copy_pp.cso
  compilation object save succeeded; see C:\Users\aiden\Documents\GitHub\Math-TechAss\Distort_pp.cso
  compilation object save succeeded; see C:\Users\aiden\Documents\GitHub\Math-TechAss\2DQuad_pp.cso
  compilation object save succeeded; see C:\Users\aiden\Documents\GitHub\Math-TechAss\GreyNoise_pp.cso
  compilation object save succeeded; see C:\Users\aiden\Documents\GitHub\Math-TechAss\HeatHaze_pp.cso
  compilation object save succeeded; see C:\Users\aiden\Documents\GitHub\Math-TechAss\Spiral_pp.cso
  compilation object save succeeded; see C:\Users\aiden\Documents\GitHub\Math-TechAss\TintedTexture_ps.cso
  compilation object save succeeded; see C:\Users\aiden\Documents\GitHub\Math-TechAss\BasicTransform_vs.cso
  compilation object save succeeded; see C:\Users\aiden\Documents\GitHub\Math-TechAss\PixelLighting_ps.cso
  compilation object save succeeded; see C:\Users\aiden\Documents\GitHub\Math-TechAss\PixelLighting_vs.cso
  compilation object save succeeded; see C:\Users\aiden\Documents\GitHub\Math-TechAss\Tint_pp.cso
  Camera.cpp
  Direct3DSetup.cpp
  Main.cpp
  CMatrix4x4.cpp
  CVector2.cpp
  CVector3.cpp
  CVector4.cpp
  Model.cpp
  Scene.cpp
  Shader.cpp
  Mesh.cpp
  State.cpp
  Input.cpp
  GraphicsHelpers.cpp
  Timer.cpp
  Generating Code...
  PostProcessingArea.vcxproj -> C:\Users\aiden\Documents\GitHub\Math-TechAss\\PostProcessingArea.exe
